Running: D:\ise\14.7\ISE_DS\ISE\bin\nt\unwrapped\fuse.exe -intstyle ise -incremental -lib unisims_ver -lib unimacro_ver -lib xilinxcorelib_ver -lib secureip -o D:/szdl/fiveinput/two_isim_beh.exe -prj D:/szdl/fiveinput/two_beh.prj work.two work.glbl 
ISim P.20131013 (signature 0x8ef4fb42)
Number of CPUs detected in this system: 12
Turning on mult-threading, number of parallel sub-compilation jobs: 24 
Determining compilation order of HDL files
Analyzing Verilog file "D:/szdl/fiveinput/one.v" into library work
Analyzing Verilog file "D:/szdl/fiveinput/two.v" into library work
Analyzing Verilog file "D:/ise/14.7/ISE_DS/ISE//verilog/src/glbl.v" into library work
Starting static elaboration
Completed static elaboration
Fuse Memory Usage: 159692 KB
Fuse CPU Usage: 233 ms
Compiling module fiveinput
Compiling module two
Compiling module glbl
Time Resolution for simulation is 1ps.
Compiled 3 Verilog Units
Built simulation executable D:/szdl/fiveinput/two_isim_beh.exe
Fuse Memory Usage: 166404 KB
Fuse CPU Usage: 264 ms
